<?xml version="1.0" encoding="UTF-8"?>
<!-- Generated by org.testng.reporters.JUnitReportReporter -->
<testsuite hostname="LAPTOP-DGIH40VK" failures="0" tests="2" name="rahulshettyacademy.Mavenjava.AppiumTest" time="0.007" errors="0" timestamp="2022-08-17T00:32:48 CEST" skipped="0">
  <testcase classname="rahulshettyacademy.Mavenjava.AppiumTest" name="iosApps" time="0.005"/>
  <system-out/>
  <testcase classname="rahulshettyacademy.Mavenjava.AppiumTest" name="nativeAppAndriod" time="0.002"/>
  <system-out/>
</testsuite> <!-- rahulshettyacademy.Mavenjava.AppiumTest -->
