<?xml version="1.0" encoding="UTF-8"?>
<!-- Generated by org.testng.reporters.JUnitReportReporter -->
<testsuite hostname="LAPTOP-DGIH40VK" failures="0" tests="3" name="excelDataProvider.dataProvide" time="0.007" errors="0" timestamp="2022-10-26T17:22:27 CEST" skipped="0">
  <testcase classname="excelDataProvider.dataProvide" name="testCaseData" time="0.005"/>
  <system-out/>
  <testcase classname="excelDataProvider.dataProvide" name="testCaseData" time="0.001"/>
  <system-out/>
  <testcase classname="excelDataProvider.dataProvide" name="testCaseData" time="0.001"/>
  <system-out/>
</testsuite> <!-- excelDataProvider.dataProvide -->
