<?xml version="1.0" encoding="UTF-8"?>
<!-- Generated by org.testng.reporters.JUnitReportReporter -->
<testsuite hostname="LAPTOP-DGIH40VK" failures="0" tests="1" name="rahulshettyacademy.Test.StandAlone2" time="20.373" errors="0" timestamp="2022-09-21T16:48:59 CEST" skipped="0">
  <testcase classname="rahulshettyacademy.Test.StandAlone2" name="SubmitOrder" time="20.373"/>
  <system-out/>
</testsuite> <!-- rahulshettyacademy.Test.StandAlone2 -->
