<?xml version="1.0" encoding="UTF-8"?>
<!-- Generated by org.testng.reporters.JUnitReportReporter -->
<testsuite hostname="LAPTOP-DGIH40VK" failures="0" tests="1" name="Cucumber.TestNGRunners" time="40.717" errors="0" timestamp="2022-10-13T11:52:15 CEST" skipped="0">
  <testcase classname="Cucumber.TestNGRunners" name="runScenario" time="40.717"/>
  <system-out/>
</testsuite> <!-- Cucumber.TestNGRunners -->
