<?xml version="1.0" encoding="UTF-8"?>
<!-- Generated by org.testng.reporters.JUnitReportReporter -->
<testsuite hostname="LAPTOP-DGIH40VK" failures="0" tests="2" name="PracticeTest.SelenuimTest" time="0.000" errors="0" timestamp="2022-10-03T14:49:39 CEST" skipped="0">
  <testcase classname="PracticeTest.SelenuimTest" name="browserAutomation" time="0.000"/>
  <system-out/>
  <testcase classname="PracticeTest.SelenuimTest" name="elementsUI" time="0.000"/>
  <system-out/>
</testsuite> <!-- PracticeTest.SelenuimTest -->
