<?xml version="1.0" encoding="UTF-8"?>
<!-- Generated by org.testng.reporters.JUnitReportReporter -->
<testsuite hostname="LAPTOP-DGIH40VK" failures="0" tests="2" name="rahulshettyacademy.Mavenjava.SelenuimTest" time="0.001" errors="0" timestamp="2022-08-17T18:13:23 CEST" skipped="0">
  <testcase classname="rahulshettyacademy.Mavenjava.SelenuimTest" name="elementsUI" time="0.000"/>
  <system-out/>
  <testcase classname="rahulshettyacademy.Mavenjava.SelenuimTest" name="browserAutomation" time="0.001"/>
  <system-out/>
</testsuite> <!-- rahulshettyacademy.Mavenjava.SelenuimTest -->
