<?xml version="1.0" encoding="UTF-8"?>
<!-- Generated by org.testng.reporters.JUnitReportReporter -->
<testsuite hostname="LAPTOP-DGIH40VK" failures="0" tests="2" name="PracticeTest.AppiumTest" time="0.005" errors="0" timestamp="2022-10-03T14:49:39 CEST" skipped="0">
  <testcase classname="PracticeTest.AppiumTest" name="iosApps" time="0.004"/>
  <system-out/>
  <testcase classname="PracticeTest.AppiumTest" name="nativeAppAndriod" time="0.001"/>
  <system-out/>
</testsuite> <!-- PracticeTest.AppiumTest -->
