<?xml version="1.0" encoding="UTF-8"?>
<!-- Generated by org.testng.reporters.JUnitReportReporter -->
<testsuite hostname="LAPTOP-DGIH40VK" failures="0" tests="2" name="rahulshettyacademy.Test.ErrorValidations" time="59.223" errors="0" timestamp="2022-10-07T15:19:05 CEST" skipped="0">
  <testcase classname="rahulshettyacademy.Test.ErrorValidations" name="ProductErrorValidation" time="34.964"/>
  <system-out/>
  <testcase classname="rahulshettyacademy.Test.ErrorValidations" name="SubmitOrderError" time="24.259"/>
  <system-out/>
</testsuite> <!-- rahulshettyacademy.Test.ErrorValidations -->
