<?xml version="1.0" encoding="UTF-8"?>
<!-- Generated by org.testng.reporters.JUnitReportReporter -->
<testsuite hostname="LAPTOP-DGIH40VK" failures="0" tests="2" name="rahulshettyacademy.Mavenjava.RESTAPITest" time="0.000" errors="0" timestamp="2022-08-17T18:13:23 CEST" skipped="0">
  <testcase classname="rahulshettyacademy.Mavenjava.RESTAPITest" name="postJira" time="0.000"/>
  <system-out/>
  <testcase classname="rahulshettyacademy.Mavenjava.RESTAPITest" name="deleteTwitter" time="0.000"/>
  <system-out/>
</testsuite> <!-- rahulshettyacademy.Mavenjava.RESTAPITest -->
